2025-04-26 12:50:19,292 - Azrael - INFO - Geladen trigger woorden: , triggerwoorden, en meer, dansplaat
2025-04-26 12:50:19,294 - Azrael - INFO - Geladen URLs: 2
2025-04-26 12:50:19,294 - Azrael - INFO - Azrael bot gestart!
2025-04-26 12:50:19,295 - Azrael - DEBUG - Start nieuwe controle cyclus
2025-04-26 12:50:19,299 - Azrael - INFO - Trigger woorden gevonden: , en meer, dansplaat
2025-04-26 12:50:19,300 - Azrael - INFO - Dansplaat trigger geactiveerd!
2025-04-26 12:55:19,587 - Azrael - DEBUG - Start nieuwe controle cyclus
2025-04-26 12:55:19,593 - Azrael - INFO - Trigger woorden gevonden: , en meer, dansplaat
2025-04-26 12:55:19,593 - Azrael - INFO - Dansplaat trigger geactiveerd!
2025-04-26 13:00:19,830 - Azrael - DEBUG - Start nieuwe controle cyclus
2025-04-26 13:00:19,835 - Azrael - INFO - Trigger woorden gevonden: , en meer, dansplaat
2025-04-26 13:00:19,835 - Azrael - INFO - Dansplaat trigger geactiveerd!
2025-04-26 13:05:20,059 - Azrael - DEBUG - Start nieuwe controle cyclus
2025-04-26 13:05:20,064 - Azrael - INFO - Trigger woorden gevonden: , en meer, dansplaat
2025-04-26 13:05:20,064 - Azrael - INFO - Dansplaat trigger geactiveerd!
2025-04-26 13:10:20,272 - Azrael - DEBUG - Start nieuwe controle cyclus
2025-04-26 13:10:20,275 - Azrael - INFO - Trigger woorden gevonden: , en meer, dansplaat
2025-04-26 13:10:20,275 - Azrael - INFO - Dansplaat trigger geactiveerd!
2025-04-26 13:15:20,470 - Azrael - DEBUG - Start nieuwe controle cyclus
2025-04-26 13:15:20,475 - Azrael - INFO - Trigger woorden gevonden: , en meer, dansplaat
2025-04-26 13:15:20,475 - Azrael - INFO - Dansplaat trigger geactiveerd!
2025-04-26 13:20:20,735 - Azrael - DEBUG - Start nieuwe controle cyclus
2025-04-26 13:20:20,740 - Azrael - INFO - Trigger woorden gevonden: , en meer, dansplaat
2025-04-26 13:20:20,740 - Azrael - INFO - Dansplaat trigger geactiveerd!
2025-04-26 13:25:21,014 - Azrael - DEBUG - Start nieuwe controle cyclus
2025-04-26 13:25:21,018 - Azrael - INFO - Trigger woorden gevonden: , en meer, dansplaat
2025-04-26 13:25:21,018 - Azrael - INFO - Dansplaat trigger geactiveerd!
2025-04-26 13:30:21,221 - Azrael - DEBUG - Start nieuwe controle cyclus
2025-04-26 13:30:21,225 - Azrael - INFO - Trigger woorden gevonden: , en meer, dansplaat
2025-04-26 13:30:21,226 - Azrael - INFO - Dansplaat trigger geactiveerd!
2025-04-26 13:35:21,469 - Azrael - DEBUG - Start nieuwe controle cyclus
2025-04-26 13:35:21,474 - Azrael - INFO - Trigger woorden gevonden: , en meer, dansplaat
2025-04-26 13:35:21,474 - Azrael - INFO - Dansplaat trigger geactiveerd!
2025-04-26 13:40:21,713 - Azrael - DEBUG - Start nieuwe controle cyclus
2025-04-26 13:40:21,722 - Azrael - INFO - Trigger woorden gevonden: , en meer, dansplaat
2025-04-26 13:40:21,723 - Azrael - INFO - Dansplaat trigger geactiveerd!
2025-04-26 13:45:22,010 - Azrael - DEBUG - Start nieuwe controle cyclus
2025-04-26 13:45:22,014 - Azrael - INFO - Trigger woorden gevonden: , en meer, dansplaat
2025-04-26 13:45:22,014 - Azrael - INFO - Dansplaat trigger geactiveerd!
2025-04-26 13:50:22,244 - Azrael - DEBUG - Start nieuwe controle cyclus
2025-04-26 13:50:22,248 - Azrael - INFO - Trigger woorden gevonden: , en meer, dansplaat
2025-04-26 13:50:22,248 - Azrael - INFO - Dansplaat trigger geactiveerd!
2025-04-26 13:55:22,515 - Azrael - DEBUG - Start nieuwe controle cyclus
2025-04-26 13:55:22,519 - Azrael - INFO - Trigger woorden gevonden: , en meer, dansplaat
2025-04-26 13:55:22,520 - Azrael - INFO - Dansplaat trigger geactiveerd!
2025-04-26 14:00:22,733 - Azrael - DEBUG - Start nieuwe controle cyclus
2025-04-26 14:00:22,738 - Azrael - INFO - Trigger woorden gevonden: , en meer, dansplaat
2025-04-26 14:00:22,738 - Azrael - INFO - Dansplaat trigger geactiveerd!
2025-04-26 14:05:22,936 - Azrael - DEBUG - Start nieuwe controle cyclus
2025-04-26 14:05:22,940 - Azrael - INFO - Trigger woorden gevonden: , en meer, dansplaat
2025-04-26 14:05:22,940 - Azrael - INFO - Dansplaat trigger geactiveerd!
2025-04-26 14:10:23,217 - Azrael - DEBUG - Start nieuwe controle cyclus
2025-04-26 14:10:23,222 - Azrael - INFO - Trigger woorden gevonden: , en meer, dansplaat
2025-04-26 14:10:23,222 - Azrael - INFO - Dansplaat trigger geactiveerd!
2025-04-26 14:15:23,501 - Azrael - DEBUG - Start nieuwe controle cyclus
2025-04-26 14:15:23,505 - Azrael - INFO - Trigger woorden gevonden: , en meer, dansplaat
2025-04-26 14:15:23,505 - Azrael - INFO - Dansplaat trigger geactiveerd!
2025-04-26 14:20:23,739 - Azrael - DEBUG - Start nieuwe controle cyclus
2025-04-26 14:20:23,744 - Azrael - INFO - Trigger woorden gevonden: , en meer, dansplaat
2025-04-26 14:20:23,744 - Azrael - INFO - Dansplaat trigger geactiveerd!
2025-04-26 14:25:23,958 - Azrael - DEBUG - Start nieuwe controle cyclus
2025-04-26 14:25:23,964 - Azrael - INFO - Trigger woorden gevonden: , en meer, dansplaat
2025-04-26 14:25:23,964 - Azrael - INFO - Dansplaat trigger geactiveerd!
2025-04-26 14:30:24,217 - Azrael - DEBUG - Start nieuwe controle cyclus
2025-04-26 14:30:24,222 - Azrael - INFO - Trigger woorden gevonden: , en meer, dansplaat
2025-04-26 14:30:24,222 - Azrael - INFO - Dansplaat trigger geactiveerd!
2025-04-26 14:35:24,448 - Azrael - DEBUG - Start nieuwe controle cyclus
2025-04-26 14:35:24,452 - Azrael - INFO - Trigger woorden gevonden: , en meer, dansplaat
2025-04-26 14:35:24,452 - Azrael - INFO - Dansplaat trigger geactiveerd!
2025-04-26 14:40:24,723 - Azrael - DEBUG - Start nieuwe controle cyclus
2025-04-26 14:40:24,728 - Azrael - INFO - Trigger woorden gevonden: , en meer, dansplaat
2025-04-26 14:40:24,728 - Azrael - INFO - Dansplaat trigger geactiveerd!
2025-04-26 14:45:24,933 - Azrael - DEBUG - Start nieuwe controle cyclus
2025-04-26 14:45:24,938 - Azrael - INFO - Trigger woorden gevonden: , en meer, dansplaat
2025-04-26 14:45:24,938 - Azrael - INFO - Dansplaat trigger geactiveerd!
2025-04-26 14:50:25,231 - Azrael - DEBUG - Start nieuwe controle cyclus
2025-04-26 14:50:25,236 - Azrael - INFO - Trigger woorden gevonden: , en meer, dansplaat
2025-04-26 14:50:25,236 - Azrael - INFO - Dansplaat trigger geactiveerd!
2025-04-26 14:55:25,433 - Azrael - DEBUG - Start nieuwe controle cyclus
2025-04-26 14:55:25,437 - Azrael - INFO - Trigger woorden gevonden: , en meer, dansplaat
2025-04-26 14:55:25,438 - Azrael - INFO - Dansplaat trigger geactiveerd!
2025-04-26 15:00:25,705 - Azrael - DEBUG - Start nieuwe controle cyclus
2025-04-26 15:00:25,710 - Azrael - INFO - Trigger woorden gevonden: , en meer, dansplaat
2025-04-26 15:00:25,710 - Azrael - INFO - Dansplaat trigger geactiveerd!
2025-04-26 15:05:25,983 - Azrael - DEBUG - Start nieuwe controle cyclus
2025-04-26 15:05:25,988 - Azrael - INFO - Trigger woorden gevonden: , en meer, dansplaat
2025-04-26 15:05:25,988 - Azrael - INFO - Dansplaat trigger geactiveerd!
2025-04-26 15:10:26,241 - Azrael - DEBUG - Start nieuwe controle cyclus
2025-04-26 15:10:26,246 - Azrael - INFO - Trigger woorden gevonden: , en meer, dansplaat
2025-04-26 15:10:26,246 - Azrael - INFO - Dansplaat trigger geactiveerd!
2025-04-26 15:15:26,466 - Azrael - DEBUG - Start nieuwe controle cyclus
2025-04-26 15:15:26,471 - Azrael - INFO - Trigger woorden gevonden: , en meer, dansplaat
2025-04-26 15:15:26,471 - Azrael - INFO - Dansplaat trigger geactiveerd!
2025-04-26 15:20:26,653 - Azrael - DEBUG - Start nieuwe controle cyclus
2025-04-26 15:20:26,658 - Azrael - INFO - Trigger woorden gevonden: , en meer, dansplaat
2025-04-26 15:20:26,658 - Azrael - INFO - Dansplaat trigger geactiveerd!
2025-04-26 15:25:26,881 - Azrael - DEBUG - Start nieuwe controle cyclus
2025-04-26 15:25:26,886 - Azrael - INFO - Trigger woorden gevonden: , en meer, dansplaat
2025-04-26 15:25:26,886 - Azrael - INFO - Dansplaat trigger geactiveerd!
2025-04-26 15:30:27,143 - Azrael - DEBUG - Start nieuwe controle cyclus
2025-04-26 15:30:27,149 - Azrael - INFO - Trigger woorden gevonden: , en meer, dansplaat
2025-04-26 15:30:27,150 - Azrael - INFO - Dansplaat trigger geactiveerd!
2025-04-26 15:35:27,427 - Azrael - DEBUG - Start nieuwe controle cyclus
2025-04-26 15:35:27,433 - Azrael - INFO - Trigger woorden gevonden: , en meer, dansplaat
2025-04-26 15:35:27,433 - Azrael - INFO - Dansplaat trigger geactiveerd!
2025-04-26 15:40:27,660 - Azrael - DEBUG - Start nieuwe controle cyclus
2025-04-26 15:40:27,665 - Azrael - INFO - Trigger woorden gevonden: , en meer, dansplaat
2025-04-26 15:40:27,666 - Azrael - INFO - Dansplaat trigger geactiveerd!
2025-04-26 15:45:27,908 - Azrael - DEBUG - Start nieuwe controle cyclus
2025-04-26 15:45:27,914 - Azrael - INFO - Trigger woorden gevonden: , en meer, dansplaat
2025-04-26 15:45:27,914 - Azrael - INFO - Dansplaat trigger geactiveerd!
2025-04-26 15:50:28,151 - Azrael - DEBUG - Start nieuwe controle cyclus
2025-04-26 15:50:28,157 - Azrael - INFO - Trigger woorden gevonden: , en meer, dansplaat
2025-04-26 15:50:28,157 - Azrael - INFO - Dansplaat trigger geactiveerd!
2025-04-26 15:55:28,438 - Azrael - DEBUG - Start nieuwe controle cyclus
2025-04-26 15:55:28,443 - Azrael - INFO - Trigger woorden gevonden: , en meer, dansplaat
2025-04-26 15:55:28,443 - Azrael - INFO - Dansplaat trigger geactiveerd!
2025-04-26 16:00:28,655 - Azrael - DEBUG - Start nieuwe controle cyclus
2025-04-26 16:00:28,661 - Azrael - INFO - Trigger woorden gevonden: , en meer, dansplaat
2025-04-26 16:00:28,661 - Azrael - INFO - Dansplaat trigger geactiveerd!
2025-04-26 16:02:27,208 - Azrael - INFO - Geladen trigger woorden: en meer, , triggerwoorden, dansplaat
2025-04-26 16:02:27,208 - Azrael - INFO - Geladen URLs: 2
2025-04-26 16:02:27,208 - Azrael - INFO - Azrael bot gestart!
2025-04-26 16:02:27,208 - Azrael - DEBUG - Start nieuwe controle cyclus
2025-04-26 16:02:27,229 - Azrael - INFO - Trigger woorden gevonden: en meer, , dansplaat
2025-04-26 16:02:27,230 - Azrael - INFO - Dansplaat trigger geactiveerd!
2025-04-26 16:07:27,505 - Azrael - DEBUG - Start nieuwe controle cyclus
2025-04-26 16:07:27,513 - Azrael - INFO - Trigger woorden gevonden: en meer, , dansplaat
2025-04-26 16:07:27,513 - Azrael - INFO - Dansplaat trigger geactiveerd!
2025-04-26 16:12:27,736 - Azrael - DEBUG - Start nieuwe controle cyclus
2025-04-26 16:12:27,747 - Azrael - INFO - Trigger woorden gevonden: en meer, , dansplaat
2025-04-26 16:12:27,748 - Azrael - INFO - Dansplaat trigger geactiveerd!
2025-04-26 16:17:27,868 - Azrael - DEBUG - Start nieuwe controle cyclus
2025-04-26 16:17:27,887 - Azrael - INFO - Trigger woorden gevonden: en meer, , dansplaat
2025-04-26 16:17:27,887 - Azrael - INFO - Dansplaat trigger geactiveerd!
2025-04-26 16:22:27,964 - Azrael - DEBUG - Start nieuwe controle cyclus
2025-04-26 16:22:27,973 - Azrael - INFO - Trigger woorden gevonden: en meer, , dansplaat
2025-04-26 16:22:27,973 - Azrael - INFO - Dansplaat trigger geactiveerd!
2025-04-26 16:27:28,108 - Azrael - DEBUG - Start nieuwe controle cyclus
2025-04-26 16:27:28,114 - Azrael - INFO - Trigger woorden gevonden: en meer, , dansplaat
2025-04-26 16:27:28,114 - Azrael - INFO - Dansplaat trigger geactiveerd!
2025-04-26 16:32:28,260 - Azrael - DEBUG - Start nieuwe controle cyclus
2025-04-26 16:32:28,265 - Azrael - INFO - Trigger woorden gevonden: en meer, , dansplaat
2025-04-26 16:32:28,265 - Azrael - INFO - Dansplaat trigger geactiveerd!
2025-04-26 16:45:26,333 - Azrael - DEBUG - Start nieuwe controle cyclus
2025-04-26 16:45:26,338 - Azrael - INFO - Trigger woorden gevonden: en meer, , dansplaat
2025-04-26 16:45:26,339 - Azrael - INFO - Dansplaat trigger geactiveerd!
2025-04-26 16:50:26,464 - Azrael - DEBUG - Start nieuwe controle cyclus
2025-04-26 16:50:26,469 - Azrael - INFO - Trigger woorden gevonden: en meer, , dansplaat
2025-04-26 16:50:26,469 - Azrael - INFO - Dansplaat trigger geactiveerd!
2025-04-26 16:51:23,717 - Azrael - INFO - Geladen trigger woorden: , triggerwoorden, en meer, dansplaat
2025-04-26 16:51:23,717 - Azrael - INFO - Geladen URLs: 2
2025-04-26 16:51:23,717 - Azrael - INFO - Azrael bot gestart!
2025-04-26 16:51:23,717 - Azrael - DEBUG - Start nieuwe controle cyclus
2025-04-26 16:51:23,725 - Azrael - INFO - Trigger woorden gevonden: , en meer, dansplaat
2025-04-26 16:51:23,725 - Azrael - INFO - Dansplaat trigger geactiveerd!
2025-04-26 16:56:23,899 - Azrael - DEBUG - Start nieuwe controle cyclus
2025-04-26 16:56:23,910 - Azrael - INFO - Trigger woorden gevonden: , en meer, dansplaat
2025-04-26 16:56:23,911 - Azrael - INFO - Dansplaat trigger geactiveerd!
2025-04-26 17:01:24,057 - Azrael - DEBUG - Start nieuwe controle cyclus
2025-04-26 17:01:24,061 - Azrael - INFO - Trigger woorden gevonden: , en meer, dansplaat
2025-04-26 17:01:24,061 - Azrael - INFO - Dansplaat trigger geactiveerd!
2025-04-26 17:06:24,219 - Azrael - DEBUG - Start nieuwe controle cyclus
2025-04-26 17:06:24,223 - Azrael - INFO - Trigger woorden gevonden: , en meer, dansplaat
2025-04-26 17:06:24,224 - Azrael - INFO - Dansplaat trigger geactiveerd!
